Compilación iniciada a las 09/07/2013 09:09:07 p.m..
Proyecto "C:\Users\Usuario\Desktop\PuyoPuyo3\PuyoPuyo\PuyoPuyo\PuyoPuyo\PuyoPuyo.vcxproj" en el nodo 2 (build destinos).
InitializeBuildStatus:
  Se creará "Debug\PuyoPuyo.unsuccessfulbuild" porque se especificó "AlwaysCreate".
ClCompile:
  Todas las salidas están actualizadas.
  Todas las salidas están actualizadas.
ResourceCompile:
  Todas las salidas están actualizadas.
ManifestResourceCompile:
  Todas las salidas están actualizadas.
Link:
  Todas las salidas están actualizadas.
Manifest:
  Todas las salidas están actualizadas.
FinalizeBuildStatus:
  Se eliminará el archivo "Debug\PuyoPuyo.unsuccessfulbuild".
  Aplicando tarea Touch a "Debug\PuyoPuyo.lastbuildstate".
Compilación del proyecto terminada "C:\Users\Usuario\Desktop\PuyoPuyo3\PuyoPuyo\PuyoPuyo\PuyoPuyo\PuyoPuyo.vcxproj" (build destinos).

Compilación correcta.

Tiempo transcurrido 00:00:01.00
